<?xml version="1.0" encoding="UTF-8"?>
<testsuite xmlns:xsi="http://www.w3.org/2001/XMLSchema-instance" xsi:noNamespaceSchemaLocation="https://maven.apache.org/surefire/maven-surefire-plugin/xsd/surefire-test-report-3.0.xsd" version="3.0" name="au.com.dius.pactworkshop.provider.ProductPactProviderTest" time="27.74" tests="6" errors="0" skipped="0" failures="0">
  <properties>
[...]
</properties>
  <testcase name="verifyPact(PactVerificationContext,HttpRequest)" classname="au.com.dius.pactworkshop.provider.ProductPactProviderTest" time="1.607"/>
  <testcase name="verifyPact(PactVerificationContext,HttpRequest)" classname="au.com.dius.pactworkshop.provider.ProductPactProviderTest" time="0.207"/>
  <testcase name="verifyPact(PactVerificationContext,HttpRequest)" classname="au.com.dius.pactworkshop.provider.ProductPactProviderTest" time="0.133"/>
  <testcase name="verifyPact(PactVerificationContext,HttpRequest)" classname="au.com.dius.pactworkshop.provider.ProductPactProviderTest" time="0.027"/>
  <testcase name="verifyPact(PactVerificationContext,HttpRequest)" classname="au.com.dius.pactworkshop.provider.ProductPactProviderTest" time="0.041"/>
  <testcase name="verifyPact(PactVerificationContext,HttpRequest)" classname="au.com.dius.pactworkshop.provider.ProductPactProviderTest" time="0.03"/>
</testsuite>