<?xml version="1.0" encoding="UTF-8"?>
<testsuite xmlns:xsi="http://www.w3.org/2001/XMLSchema-instance" xsi:noNamespaceSchemaLocation="https://maven.apache.org/surefire/maven-surefire-plugin/xsd/surefire-test-report-3.0.xsd" version="3.0" name="au.com.dius.pactworkshop.consumer.ProductConsumerPactTest" time="3.37" tests="6" errors="0" skipped="0" failures="0">
  <properties>
[...]
</properties>
  <testcase name="getAllProducts_whenNoAuth(MockServer)" classname="au.com.dius.pactworkshop.consumer.ProductConsumerPactTest" time="2.442"/>
  <testcase name="getAllProducts_whenNoProductsExist(MockServer)" classname="au.com.dius.pactworkshop.consumer.ProductConsumerPactTest" time="0.287"/>
  <testcase name="getProductById_whenProductWithId11DoesNotExist(MockServer)" classname="au.com.dius.pactworkshop.consumer.ProductConsumerPactTest" time="0.155"/>
  <testcase name="getProductById_whenProductWithId10Exists(MockServer)" classname="au.com.dius.pactworkshop.consumer.ProductConsumerPactTest" time="0.166"/>
  <testcase name="getProductById_whenNoAuth(MockServer)" classname="au.com.dius.pactworkshop.consumer.ProductConsumerPactTest" time="0.138"/>
  <testcase name="getAllProducts_whenProductsExist(MockServer)" classname="au.com.dius.pactworkshop.consumer.ProductConsumerPactTest" time="0.158"/>
</testsuite>